2022-09-10 23:21:00  - first file: L1D09100000091000001
2022-09-10 23:21:03  - files in folder: 174
2022-09-10 23:21:03  - L1D09100000091206001
2022-09-10 23:21:03  - L2S09100000091217001
2022-09-10 23:21:03  - L2S09100000091219001
2022-09-10 23:21:03  - L2S09100000091122001
2022-09-10 23:21:03  - L1D09100000091106001
2022-09-10 23:21:03  - L2S09100000091210001
2022-09-10 23:21:03  - L1P09100000091403001
2022-09-10 23:21:03  - L1P09100000091200001
2022-09-10 23:21:03  - L2S09100000091012001
2022-09-10 23:21:03  - L2S09100000091305001
2022-09-10 23:21:03  - L1D09100000091315001
2022-09-10 23:21:03  - L1P09100000091000001
2022-09-10 23:21:06  - moving L1P09100000091403001 to input DB folder: /home/george/data/input_db//20220910/0000
2022-09-10 23:21:06  - moving L1P09100000091000001 to input DB folder: /home/george/data/input_db//20220910/0000
2022-09-10 23:21:09  - moving L1P09100000091200001 to input DB folder: /home/george/data/input_db//20220910/0000
2022-09-10 23:22:30  - first file: L1D09100000091000001
2022-09-10 23:22:30  - files in folder: 171
2022-09-10 23:22:30  - L1D09100000091206001
2022-09-10 23:22:30  - L2S09100000091217001
2022-09-10 23:22:30  - L2S09100000091219001
2022-09-10 23:22:30  - L2S09100000091122001
2022-09-10 23:22:30  - L1D09100000091106001
2022-09-10 23:22:30  - L2S09100000091210001
2022-09-10 23:22:30  - L2S09100000091012001
2022-09-10 23:22:30  - L2S09100000091305001
2022-09-10 23:22:30  - L1D09100000091315001
2022-09-10 23:22:30  - L2S09100000091116001
2022-09-10 23:22:30  - L2S09100000091003001
2022-09-10 23:22:30  - L2S09100000091103001
2022-09-10 23:26:17  - moving L1D09100000091315001 to input DB folder: /home/george/data/input_db//20220910/0000
2022-09-10 23:26:25  - moving L1D09100000091106001 to input DB folder: /home/george/data/input_db//20220910/0000
2022-09-10 23:26:27  - moving L1D09100000091206001 to input DB folder: /home/george/data/input_db//20220910/0000
2022-09-10 23:27:45  - moving L2S09100000091116001 to input DB folder: /home/george/data/input_db//20220910/0000
2022-09-10 23:27:48  - moving L2S09100000091217001 to input DB folder: /home/george/data/input_db//20220910/0000
2022-09-10 23:27:50  - moving L2S09100000091103001 to input DB folder: /home/george/data/input_db//20220910/0000
2022-09-10 23:27:51  - moving L2S09100000091003001 to input DB folder: /home/george/data/input_db//20220910/0000
2022-09-10 23:27:52  - moving L2S09100000091210001 to input DB folder: /home/george/data/input_db//20220910/0000
2022-09-10 23:27:53  - moving L2S09100000091219001 to input DB folder: /home/george/data/input_db//20220910/0000
2022-09-10 23:27:53  - moving L2S09100000091305001 to input DB folder: /home/george/data/input_db//20220910/0000
2022-09-10 23:27:54  - moving L2S09100000091122001 to input DB folder: /home/george/data/input_db//20220910/0000
2022-09-10 23:27:57  - moving L2S09100000091012001 to input DB folder: /home/george/data/input_db//20220910/0000
2022-09-10 23:27:57  - files in folder: 159
2022-09-10 23:27:57  - L2S09100000091106001
2022-09-10 23:27:57  - L1P09100000091221001
2022-09-10 23:27:57  - L2S09100000091010001
2022-09-10 23:27:57  - L1P09100000091312001
2022-09-10 23:27:57  - L2S09100000091104001
2022-09-10 23:27:57  - L2S09100000091200001
2022-09-10 23:27:57  - L2S09100000091105001
2022-09-10 23:27:57  - L2S09100000091101001
2022-09-10 23:27:57  - L2S09100000091218001
2022-09-10 23:27:57  - L2S09100000091019001
2022-09-10 23:27:57  - L2S09100000091316001
2022-09-10 23:27:57  - L2S09100000091107001
2022-09-10 23:28:00  - moving L1P09100000091312001 to input DB folder: /home/george/data/input_db//20220910/0000
2022-09-10 23:28:00  - moving L1P09100000091221001 to input DB folder: /home/george/data/input_db//20220910/0000
2022-09-10 23:32:35  - moving L2S09100000091105001 to input DB folder: /home/george/data/input_db//20220910/0000
2022-09-10 23:32:38  - moving L2S09100000091010001 to input DB folder: /home/george/data/input_db//20220910/0000
2022-09-10 23:32:39  - moving L2S09100000091316001 to input DB folder: /home/george/data/input_db//20220910/0000
2022-09-10 23:32:39  - moving L2S09100000091101001 to input DB folder: /home/george/data/input_db//20220910/0000
2022-09-10 23:32:40  - moving L2S09100000091107001 to input DB folder: /home/george/data/input_db//20220910/0000
2022-09-10 23:32:42  - moving L2S09100000091019001 to input DB folder: /home/george/data/input_db//20220910/0000
2022-09-10 23:32:43  - moving L2S09100000091104001 to input DB folder: /home/george/data/input_db//20220910/0000
2022-09-10 23:32:44  - moving L2S09100000091106001 to input DB folder: /home/george/data/input_db//20220910/0000
2022-09-10 23:32:44  - moving L2S09100000091218001 to input DB folder: /home/george/data/input_db//20220910/0000
2022-09-10 23:32:49  - moving L2S09100000091200001 to input DB folder: /home/george/data/input_db//20220910/0000
2022-09-10 23:32:49  - files in folder: 147
2022-09-10 23:32:50  - L2S09100000091119001
2022-09-10 23:32:50  - L1D09100000091100001
2022-09-10 23:32:50  - L1D09100000091415001
2022-09-10 23:32:50  - L2S09100000091309001
2022-09-10 23:32:50  - L2S09100000091004001
2022-09-10 23:32:50  - L1D09100000091203001
2022-09-10 23:32:50  - L1D09100000091000001
2022-09-10 23:32:50  - L1D09100000091421001
2022-09-10 23:32:50  - L2S09100000091206001
2022-09-10 23:32:50  - L1P09100000091009001
2022-09-10 23:32:50  - L1D09100000091209001
2022-09-10 23:32:50  - L1D09100000091115001
2022-09-10 23:32:52  - moving L1P09100000091009001 to input DB folder: /home/george/data/input_db//20220910/0000
2022-09-10 23:35:08  - moving L1D09100000091000001 to input DB folder: /home/george/data/input_db//20220910/0000
2022-09-10 23:36:26  - moving L1D09100000091415001 to input DB folder: /home/george/data/input_db//20220910/0000
2022-09-10 23:36:26  - moving L1D09100000091209001 to input DB folder: /home/george/data/input_db//20220910/0000
2022-09-10 23:36:29  - moving L1D09100000091421001 to input DB folder: /home/george/data/input_db//20220910/0000
2022-09-10 23:36:29  - moving L1D09100000091115001 to input DB folder: /home/george/data/input_db//20220910/0000
2022-09-10 23:36:31  - moving L1D09100000091203001 to input DB folder: /home/george/data/input_db//20220910/0000
2022-09-10 23:36:31  - moving L1D09100000091100001 to input DB folder: /home/george/data/input_db//20220910/0000
2022-09-10 23:37:15  - moving L2S09100000091119001 to input DB folder: /home/george/data/input_db//20220910/0000
2022-09-10 23:37:16  - moving L2S09100000091004001 to input DB folder: /home/george/data/input_db//20220910/0000
2022-09-10 23:37:18  - moving L2S09100000091309001 to input DB folder: /home/george/data/input_db//20220910/0000
2022-09-10 23:37:23  - moving L2S09100000091206001 to input DB folder: /home/george/data/input_db//20220910/0000
2022-09-10 23:37:23  - files in folder: 135
2022-09-10 23:37:23  - L2S09100000091022001
2022-09-10 23:37:23  - L2S09100000091016001
2022-09-10 23:37:23  - L1P09100000091309001
2022-09-10 23:37:23  - L1P09100000091015001
2022-09-10 23:37:23  - L2S09100000091117001
2022-09-10 23:37:23  - L1D09100000091321001
2022-09-10 23:37:23  - L2S09100000091308001
2022-09-10 23:37:23  - L2S09100000091317001
2022-09-10 23:37:23  - L2S09100000091002001
2022-09-10 23:37:23  - L2S09100000091209001
2022-09-10 23:37:23  - L1D09100000091500001
2022-09-10 23:37:23  - L1D09100000091003001
2022-09-10 23:37:37  - moving L1P09100000091015001 to input DB folder: /home/george/data/input_db//20220910/0000
2022-09-10 23:37:38  - moving L1P09100000091309001 to input DB folder: /home/george/data/input_db//20220910/0000
2022-09-10 23:40:55  - moving L1D09100000091321001 to input DB folder: /home/george/data/input_db//20220910/0000
2022-09-10 23:40:56  - moving L1D09100000091500001 to input DB folder: /home/george/data/input_db//20220910/0000
2022-09-10 23:40:56  - moving L1D09100000091003001 to input DB folder: /home/george/data/input_db//20220910/0000
2022-09-10 23:41:59  - moving L2S09100000091308001 to input DB folder: /home/george/data/input_db//20220910/0000
2022-09-10 23:42:00  - moving L2S09100000091022001 to input DB folder: /home/george/data/input_db//20220910/0000
2022-09-10 23:42:00  - moving L2S09100000091117001 to input DB folder: /home/george/data/input_db//20220910/0000
2022-09-10 23:42:02  - moving L2S09100000091317001 to input DB folder: /home/george/data/input_db//20220910/0000
2022-09-10 23:42:02  - moving L2S09100000091016001 to input DB folder: /home/george/data/input_db//20220910/0000
2022-09-10 23:42:03  - moving L2S09100000091002001 to input DB folder: /home/george/data/input_db//20220910/0000
2022-09-10 23:42:03  - moving L2S09100000091209001 to input DB folder: /home/george/data/input_db//20220910/0000
2022-09-10 23:42:03  - files in folder: 123
2022-09-10 23:42:03  - L2S09100000091222001
2022-09-10 23:42:03  - L1D09100000091112001
2022-09-10 23:42:03  - L2S09100000091123001
2022-09-10 23:42:03  - L1P09100000091012001
2022-09-10 23:42:03  - L1D09100000091409001
2022-09-10 23:42:03  - L1P09100000091409001
2022-09-10 23:42:03  - L2S09100000091013001
2022-09-10 23:42:03  - L1P09100000091412001
2022-09-10 23:42:03  - L2S09100000091313001
2022-09-10 23:42:03  - L1D09100000091403001
2022-09-10 23:42:03  - L1P09100000091421001
2022-09-10 23:42:03  - L2S09100000091014001
2022-09-10 23:42:06  - moving L1P09100000091421001 to input DB folder: /home/george/data/input_db//20220910/0000
2022-09-10 23:42:06  - moving L1P09100000091409001 to input DB folder: /home/george/data/input_db//20220910/0000
2022-09-10 23:42:06  - moving L1P09100000091412001 to input DB folder: /home/george/data/input_db//20220910/0000
2022-09-10 23:42:08  - moving L1P09100000091012001 to input DB folder: /home/george/data/input_db//20220910/0000
2022-09-10 23:45:00  - moving L1D09100000091403001 to input DB folder: /home/george/data/input_db//20220910/0000
2022-09-10 23:45:03  - moving L1D09100000091409001 to input DB folder: /home/george/data/input_db//20220910/0000
2022-09-10 23:45:12  - moving L1D09100000091112001 to input DB folder: /home/george/data/input_db//20220910/0000
2022-09-10 23:45:54  - moving L2S09100000091313001 to input DB folder: /home/george/data/input_db//20220910/0000
2022-09-10 23:45:56  - moving L2S09100000091014001 to input DB folder: /home/george/data/input_db//20220910/0000
2022-09-10 23:45:56  - moving L2S09100000091123001 to input DB folder: /home/george/data/input_db//20220910/0000
2022-09-10 23:45:57  - moving L2S09100000091013001 to input DB folder: /home/george/data/input_db//20220910/0000
2022-09-10 23:45:57  - moving L2S09100000091222001 to input DB folder: /home/george/data/input_db//20220910/0000
2022-09-10 23:45:57  - files in folder: 111
2022-09-10 23:45:57  - L1P09100000091106001
2022-09-10 23:45:57  - L2S09100000091314001
2022-09-10 23:45:57  - L1D09100000091118001
2022-09-10 23:45:57  - L1P09100000091206001
2022-09-10 23:45:58  - L1D09100000091018001
2022-09-10 23:45:58  - L2S09100000091020001
2022-09-10 23:45:58  - L2S09100000091223001
2022-09-10 23:45:58  - L1P09100000091212001
2022-09-10 23:45:58  - L2S09100000091118001
2022-09-10 23:45:58  - L2S09100000091001001
2022-09-10 23:45:58  - L1P09100000091400001
2022-09-10 23:45:58  - L1P09100000091203001
2022-09-10 23:46:00  - moving L1P09100000091400001 to input DB folder: /home/george/data/input_db//20220910/0000
2022-09-10 23:46:00  - moving L1P09100000091203001 to input DB folder: /home/george/data/input_db//20220910/0000
2022-09-10 23:46:01  - moving L1P09100000091106001 to input DB folder: /home/george/data/input_db//20220910/0000
2022-09-10 23:46:01  - moving L1P09100000091212001 to input DB folder: /home/george/data/input_db//20220910/0000
2022-09-10 23:46:01  - moving L1P09100000091206001 to input DB folder: /home/george/data/input_db//20220910/0000
2022-09-10 23:48:49  - moving L1D09100000091118001 to input DB folder: /home/george/data/input_db//20220910/0000
2022-09-10 23:48:54  - moving L1D09100000091018001 to input DB folder: /home/george/data/input_db//20220910/0000
2022-09-10 23:49:38  - moving L2S09100000091223001 to input DB folder: /home/george/data/input_db//20220910/0000
2022-09-10 23:49:41  - moving L2S09100000091314001 to input DB folder: /home/george/data/input_db//20220910/0000
2022-09-10 23:49:41  - moving L2S09100000091020001 to input DB folder: /home/george/data/input_db//20220910/0000
2022-09-10 23:49:43  - moving L2S09100000091001001 to input DB folder: /home/george/data/input_db//20220910/0000
2022-09-10 23:49:47  - moving L2S09100000091118001 to input DB folder: /home/george/data/input_db//20220910/0000
2022-09-10 23:49:47  - files in folder: 99
2022-09-10 23:49:47  - L2S09100000091102001
2022-09-10 23:49:47  - L2S09100000091110001
2022-09-10 23:49:47  - L1D09100000091306001
2022-09-10 23:49:47  - L1P09100000091103001
2022-09-10 23:49:47  - L2S09100000091009001
2022-09-10 23:49:47  - L1P09100000091118001
2022-09-10 23:49:47  - L2S09100000091203001
2022-09-10 23:49:47  - L1D09100000091215001
2022-09-10 23:49:47  - L2S09100000091017001
2022-09-10 23:49:47  - L1D09100000091300001
2022-09-10 23:49:47  - L1D09100000091418001
2022-09-10 23:49:47  - L2S09100000091021001
2022-09-10 23:49:49  - moving L1P09100000091103001 to input DB folder: /home/george/data/input_db//20220910/0000
2022-09-10 23:49:50  - moving L1P09100000091118001 to input DB folder: /home/george/data/input_db//20220910/0000
2022-09-10 23:53:47  - moving L1D09100000091215001 to input DB folder: /home/george/data/input_db//20220910/0000
2022-09-10 23:53:54  - moving L1D09100000091306001 to input DB folder: /home/george/data/input_db//20220910/0000
2022-09-10 23:53:56  - moving L1D09100000091418001 to input DB folder: /home/george/data/input_db//20220910/0000
2022-09-10 23:54:02  - moving L1D09100000091300001 to input DB folder: /home/george/data/input_db//20220910/0000
2022-09-10 23:54:52  - moving L2S09100000091110001 to input DB folder: /home/george/data/input_db//20220910/0000
2022-09-10 23:54:54  - moving L2S09100000091102001 to input DB folder: /home/george/data/input_db//20220910/0000
2022-09-10 23:54:56  - moving L2S09100000091203001 to input DB folder: /home/george/data/input_db//20220910/0000
2022-09-10 23:54:58  - moving L2S09100000091017001 to input DB folder: /home/george/data/input_db//20220910/0000
2022-09-10 23:55:01  - moving L2S09100000091009001 to input DB folder: /home/george/data/input_db//20220910/0000
2022-09-10 23:55:02  - moving L2S09100000091021001 to input DB folder: /home/george/data/input_db//20220910/0000
2022-09-10 23:55:02  - files in folder: 87
2022-09-10 23:55:02  - L1P09100000091115001
2022-09-10 23:55:02  - L1D09100000091212001
2022-09-10 23:55:02  - L1D09100000091012001
2022-09-10 23:55:02  - L2S09100000091213001
2022-09-10 23:55:02  - L2S09100000091318001
2022-09-10 23:55:02  - L2S09100000091312001
2022-09-10 23:55:02  - L1P09100000091300001
2022-09-10 23:55:02  - L1P09100000091100001
2022-09-10 23:55:02  - L2S09100000091018001
2022-09-10 23:55:02  - L2S09100000091201001
2022-09-10 23:55:02  - L1D09100000091015001
2022-09-10 23:55:02  - L1D09100000091406001
2022-09-10 23:55:05  - moving L1P09100000091115001 to input DB folder: /home/george/data/input_db//20220910/0000
2022-09-10 23:55:06  - moving L1P09100000091300001 to input DB folder: /home/george/data/input_db//20220910/0000
2022-09-10 23:55:06  - moving L1P09100000091100001 to input DB folder: /home/george/data/input_db//20220910/0000
2022-09-10 23:58:59  - moving L1D09100000091012001 to input DB folder: /home/george/data/input_db//20220910/0000
2022-09-10 23:59:03  - moving L1D09100000091015001 to input DB folder: /home/george/data/input_db//20220910/0000
2022-09-10 23:59:07  - moving L1D09100000091406001 to input DB folder: /home/george/data/input_db//20220910/0000
2022-09-10 23:59:09  - moving L1D09100000091212001 to input DB folder: /home/george/data/input_db//20220910/0000
2022-09-11 00:00:00  - moving L2S09100000091213001 to input DB folder: /home/george/data/input_db//20220910/0000
2022-09-11 00:00:02  - moving L2S09100000091201001 to input DB folder: /home/george/data/input_db//20220910/0000
2022-09-11 00:00:10  - moving L2S09100000091318001 to input DB folder: /home/george/data/input_db//20220910/0000
2022-09-11 00:00:10  - moving L2S09100000091018001 to input DB folder: /home/george/data/input_db//20220910/0000
2022-09-11 00:00:11  - moving L2S09100000091312001 to input DB folder: /home/george/data/input_db//20220910/0000
2022-09-11 00:00:11  - files in folder: 75
2022-09-11 00:00:11  - L1D09100000091218001
2022-09-11 00:00:11  - L1D09100000091103001
2022-09-11 00:00:11  - L2S09100000091023001
2022-09-11 00:00:11  - L2S09100000091113001
2022-09-11 00:00:11  - L2S09100000091307001
2022-09-11 00:00:11  - L1D09100000091200001
2022-09-11 00:00:11  - L1P09100000091500001
2022-09-11 00:00:11  - L1P09100000091121001
2022-09-11 00:00:11  - L1P09100000091415001
2022-09-11 00:00:11  - L2S09100000091114001
2022-09-11 00:00:11  - L1P09100000091209001
2022-09-11 00:00:11  - L1P09100000091112001
2022-09-11 00:00:15  - moving L1P09100000091209001 to input DB folder: /home/george/data/input_db//20220910/0000
2022-09-11 00:00:15  - moving L1P09100000091415001 to input DB folder: /home/george/data/input_db//20220910/0000
2022-09-11 00:00:15  - moving L1P09100000091500001 to input DB folder: /home/george/data/input_db//20220910/0000
2022-09-11 00:00:15  - moving L1P09100000091121001 to input DB folder: /home/george/data/input_db//20220910/0000
2022-09-11 00:00:19  - moving L1P09100000091112001 to input DB folder: /home/george/data/input_db//20220910/0000
2022-09-11 00:07:01  - moving L1D09100000091103001 to input DB folder: /home/george/data/input_db//20220910/0000
2022-09-11 00:07:04  - moving L1D09100000091200001 to input DB folder: /home/george/data/input_db//20220910/0000
2022-09-11 00:07:08  - moving L1D09100000091218001 to input DB folder: /home/george/data/input_db//20220910/0000
2022-09-11 00:08:09  - moving L2S09100000091113001 to input DB folder: /home/george/data/input_db//20220910/0000
2022-09-11 00:08:11  - moving L2S09100000091023001 to input DB folder: /home/george/data/input_db//20220910/0000
2022-09-11 00:08:12  - moving L2S09100000091307001 to input DB folder: /home/george/data/input_db//20220910/0000
2022-09-11 00:08:12  - moving L2S09100000091114001 to input DB folder: /home/george/data/input_db//20220910/0000
2022-09-11 00:08:12  - files in folder: 63
2022-09-11 00:08:12  - L2S09100000091216001
2022-09-11 00:08:12  - L2S09100000091303001
2022-09-11 00:08:12  - L1D09100000091021001
2022-09-11 00:08:12  - L2S09100000091120001
2022-09-11 00:08:12  - L1P09100000091021001
2022-09-11 00:08:12  - L2S09100000091311001
2022-09-11 00:08:12  - L2S09100000091205001
2022-09-11 00:08:12  - L1P09100000091418001
2022-09-11 00:08:12  - L2S09100000091208001
2022-09-11 00:08:12  - L2S09100000091207001
2022-09-11 00:08:12  - L1D09100000091400001
2022-09-11 00:08:12  - L1D09100000091006001
2022-09-11 00:08:15  - moving L1P09100000091418001 to input DB folder: /home/george/data/input_db//20220910/0000
2022-09-11 00:08:16  - moving L1P09100000091021001 to input DB folder: /home/george/data/input_db//20220910/0000
2022-09-11 00:12:14  - moving L1D09100000091021001 to input DB folder: /home/george/data/input_db//20220910/0000
2022-09-11 00:12:16  - moving L1D09100000091006001 to input DB folder: /home/george/data/input_db//20220910/0000
2022-09-11 00:12:18  - moving L1D09100000091400001 to input DB folder: /home/george/data/input_db//20220910/0000
2022-09-11 00:13:31  - moving L2S09100000091207001 to input DB folder: /home/george/data/input_db//20220910/0000
2022-09-11 00:13:31  - moving L2S09100000091311001 to input DB folder: /home/george/data/input_db//20220910/0000
2022-09-11 00:13:32  - moving L2S09100000091216001 to input DB folder: /home/george/data/input_db//20220910/0000
2022-09-11 00:13:33  - moving L2S09100000091120001 to input DB folder: /home/george/data/input_db//20220910/0000
2022-09-11 00:13:34  - moving L2S09100000091205001 to input DB folder: /home/george/data/input_db//20220910/0000
2022-09-11 00:13:35  - moving L2S09100000091208001 to input DB folder: /home/george/data/input_db//20220910/0000
2022-09-11 00:13:35  - moving L2S09100000091303001 to input DB folder: /home/george/data/input_db//20220910/0000
2022-09-11 00:13:35  - files in folder: 51
2022-09-11 00:13:35  - L2S09100000091212001
2022-09-11 00:13:35  - L1D09100000091412001
2022-09-11 00:13:35  - L2S09100000091115001
2022-09-11 00:13:35  - L2S09100000091008001
2022-09-11 00:13:35  - L2S09100000091109001
2022-09-11 00:13:35  - L2S09100000091221001
2022-09-11 00:13:35  - L1P09100000091318001
2022-09-11 00:13:35  - L1P09100000091406001
2022-09-11 00:13:35  - L2S09100000091310001
2022-09-11 00:13:35  - L2S09100000091006001
2022-09-11 00:13:35  - L2S09100000091300001
2022-09-11 00:13:35  - L1D09100000091221001
2022-09-11 00:13:36  - moving L1P09100000091318001 to input DB folder: /home/george/data/input_db//20220910/0000
2022-09-11 00:13:37  - moving L1P09100000091406001 to input DB folder: /home/george/data/input_db//20220910/0000
2022-09-11 00:17:07  - moving L1D09100000091221001 to input DB folder: /home/george/data/input_db//20220910/0000
2022-09-11 00:17:12  - moving L1D09100000091412001 to input DB folder: /home/george/data/input_db//20220910/0000
2022-09-11 00:18:29  - moving L2S09100000091008001 to input DB folder: /home/george/data/input_db//20220910/0000
2022-09-11 00:18:33  - moving L2S09100000091310001 to input DB folder: /home/george/data/input_db//20220910/0000
2022-09-11 00:18:34  - moving L2S09100000091115001 to input DB folder: /home/george/data/input_db//20220910/0000
2022-09-11 00:18:34  - moving L2S09100000091221001 to input DB folder: /home/george/data/input_db//20220910/0000
2022-09-11 00:18:35  - moving L2S09100000091109001 to input DB folder: /home/george/data/input_db//20220910/0000
2022-09-11 00:18:38  - moving L2S09100000091300001 to input DB folder: /home/george/data/input_db//20220910/0000
2022-09-11 00:18:39  - moving L2S09100000091006001 to input DB folder: /home/george/data/input_db//20220910/0000
2022-09-11 00:18:39  - moving L2S09100000091212001 to input DB folder: /home/george/data/input_db//20220910/0000
2022-09-11 00:18:39  - files in folder: 39
2022-09-11 00:18:39  - L2S09100000091011001
2022-09-11 00:18:39  - L2S09100000091220001
2022-09-11 00:18:39  - L1P09100000091303001
2022-09-11 00:18:39  - L1D09100000091318001
2022-09-11 00:18:39  - L2S09100000091306001
2022-09-11 00:18:40  - L1P09100000091006001
2022-09-11 00:18:40  - L1D09100000091109001
2022-09-11 00:18:40  - L1P09100000091018001
2022-09-11 00:18:40  - L2S09100000091315001
2022-09-11 00:18:40  - L1P09100000091215001
2022-09-11 00:18:40  - L2S09100000091302001
2022-09-11 00:18:40  - L2S09100000091112001
2022-09-11 00:18:41  - moving L1P09100000091215001 to input DB folder: /home/george/data/input_db//20220910/0000
2022-09-11 00:18:41  - moving L1P09100000091303001 to input DB folder: /home/george/data/input_db//20220910/0000
2022-09-11 00:18:43  - moving L1P09100000091006001 to input DB folder: /home/george/data/input_db//20220910/0000
2022-09-11 00:18:43  - moving L1P09100000091018001 to input DB folder: /home/george/data/input_db//20220910/0000
2022-09-11 00:21:13  - moving L1D09100000091318001 to input DB folder: /home/george/data/input_db//20220910/0000
2022-09-11 00:21:14  - moving L1D09100000091109001 to input DB folder: /home/george/data/input_db//20220910/0000
2022-09-11 00:22:03  - moving L2S09100000091220001 to input DB folder: /home/george/data/input_db//20220910/0000
2022-09-11 00:22:03  - moving L2S09100000091315001 to input DB folder: /home/george/data/input_db//20220910/0000
2022-09-11 00:22:04  - moving L2S09100000091011001 to input DB folder: /home/george/data/input_db//20220910/0000
2022-09-11 00:22:06  - moving L2S09100000091302001 to input DB folder: /home/george/data/input_db//20220910/0000
2022-09-11 00:22:09  - moving L2S09100000091112001 to input DB folder: /home/george/data/input_db//20220910/0000
2022-09-11 00:22:11  - moving L2S09100000091306001 to input DB folder: /home/george/data/input_db//20220910/0000
2022-09-11 00:22:11  - files in folder: 27
2022-09-11 00:22:11  - L1D09100000091009001
2022-09-11 00:22:11  - L1P09100000091109001
2022-09-11 00:22:11  - L1D09100000091121001
2022-09-11 00:22:11  - L2S09100000091202001
2022-09-11 00:22:11  - L1D09100000091309001
2022-09-11 00:22:11  - L2S09100000091108001
2022-09-11 00:22:11  - L2S09100000091301001
2022-09-11 00:22:11  - L2S09100000091204001
2022-09-11 00:22:11  - L2S09100000091215001
2022-09-11 00:22:11  - L2S09100000091121001
2022-09-11 00:22:11  - L2S09100000091005001
2022-09-11 00:22:11  - L2S09100000091015001
2022-09-11 00:22:12  - moving L1P09100000091109001 to input DB folder: /home/george/data/input_db//20220910/0000
2022-09-11 00:25:46  - moving L1D09100000091009001 to input DB folder: /home/george/data/input_db//20220910/0000
2022-09-11 00:26:01  - moving L1D09100000091309001 to input DB folder: /home/george/data/input_db//20220910/0000
2022-09-11 00:26:04  - moving L1D09100000091121001 to input DB folder: /home/george/data/input_db//20220910/0000
2022-09-11 00:27:30  - moving L2S09100000091202001 to input DB folder: /home/george/data/input_db//20220910/0000
2022-09-11 00:27:31  - moving L2S09100000091108001 to input DB folder: /home/george/data/input_db//20220910/0000
2022-09-11 00:27:32  - moving L2S09100000091204001 to input DB folder: /home/george/data/input_db//20220910/0000
2022-09-11 00:27:33  - moving L2S09100000091005001 to input DB folder: /home/george/data/input_db//20220910/0000
2022-09-11 00:27:34  - moving L2S09100000091301001 to input DB folder: /home/george/data/input_db//20220910/0000
2022-09-11 00:27:37  - moving L2S09100000091215001 to input DB folder: /home/george/data/input_db//20220910/0000
2022-09-11 00:27:37  - moving L2S09100000091015001 to input DB folder: /home/george/data/input_db//20220910/0000
2022-09-11 00:27:37  - moving L2S09100000091121001 to input DB folder: /home/george/data/input_db//20220910/0000
2022-09-11 00:27:37  - files in folder: 15
2022-09-11 00:27:37  - L2S09100000091111001
2022-09-11 00:27:37  - L2S09100000091100001
2022-09-11 00:27:37  - L2S09100000091214001
2022-09-11 00:27:37  - L1P09100000091003001
2022-09-11 00:27:37  - L1D09100000091312001
2022-09-11 00:27:37  - L1P09100000091218001
2022-09-11 00:27:37  - L1P09100000091321001
2022-09-11 00:27:37  - L2S09100000091007001
2022-09-11 00:27:37  - L1D09100000091000011
2022-09-11 00:27:37  - L1P09100000091315001
2022-09-11 00:27:37  - L1D09100000091303001
2022-09-11 00:27:37  - L2S09100000091304001
2022-09-11 00:27:39  - moving L1P09100000091003001 to input DB folder: /home/george/data/input_db//20220910/0000
2022-09-11 00:27:39  - moving L1P09100000091321001 to input DB folder: /home/george/data/input_db//20220910/0000
2022-09-11 00:27:39  - moving L1P09100000091315001 to input DB folder: /home/george/data/input_db//20220910/0000
2022-09-11 00:27:41  - moving L1P09100000091218001 to input DB folder: /home/george/data/input_db//20220910/0000
2022-09-11 00:30:09  - moving L1D09100000091303001 to input DB folder: /home/george/data/input_db//20220910/0000
2022-09-11 00:30:12  - moving L1D09100000091312001 to input DB folder: /home/george/data/input_db//20220910/0000
2022-09-11 00:30:13  - moving L1D09100000091000011 to input DB folder: /home/george/data/input_db//20220910/0000
2022-09-11 00:30:45  - moving L2S09100000091214001 to input DB folder: /home/george/data/input_db//20220910/0000
2022-09-11 00:30:46  - moving L2S09100000091111001 to input DB folder: /home/george/data/input_db//20220910/0000
2022-09-11 00:30:49  - moving L2S09100000091007001 to input DB folder: /home/george/data/input_db//20220910/0000
2022-09-11 00:30:53  - moving L2S09100000091304001 to input DB folder: /home/george/data/input_db//20220910/0000
2022-09-11 00:30:57  - moving L2S09100000091100001 to input DB folder: /home/george/data/input_db//20220910/0000
2022-09-11 00:30:57  - files in folder: 3
2022-09-11 00:30:57  - L1P09100000091306001
2022-09-11 00:30:57  - L2S09100000091211001
2022-09-11 00:30:58  - moving L1P09100000091306001 to input DB folder: /home/george/data/input_db//20220910/0000
2022-09-11 00:32:05  - moving L2S09100000091211001 to input DB folder: /home/george/data/input_db//20220910/0000
